<?xml version="1.0" encoding="UTF-8"?>
<!-- Generated by org.testng.reporters.JUnitReportReporter -->
<testsuite hostname="DESKTOP-GA1O7MP" failures="0" tests="2" name="testNG_Package.TestNG_ReporterLog_Study" time="0.030" errors="0" timestamp="2022-03-17T23:05:01 IST" skipped="0">
  <testcase classname="testNG_Package.TestNG_ReporterLog_Study" name="method2" time="0.005"/>
  <system-out>
    <![CDATA[this is a testng with reporter is running]]>
  </system-out>
  <testcase classname="testNG_Package.TestNG_ReporterLog_Study" name="method1" time="0.025"/>
  <system-out/>
</testsuite> <!-- testNG_Package.TestNG_ReporterLog_Study -->
