<?xml version="1.0" encoding="UTF-8"?>
<!-- Generated by org.testng.reporters.JUnitReportReporter -->
<testsuite hostname="DESKTOP-GA1O7MP" failures="0" tests="5" name="testNG_Keywords.Keyword_Enabled" time="0.003" errors="0" timestamp="2022-03-21T00:24:37 IST" skipped="2">
  <testcase classname="testNG_Keywords.Keyword_Enabled" name="D" time="0.001"/>
  <system-out>
    <![CDATA[This is the method3 or test case3 is running]]>
  </system-out>
  <testcase classname="testNG_Keywords.Keyword_Enabled" name="A" time="0.001"/>
  <system-out>
    <![CDATA[This is the method or test case is running]]>
  </system-out>
  <testcase classname="testNG_Keywords.Keyword_Enabled" name="Y" time="0.001"/>
  <system-out>
    <![CDATA[This is the method5 or test case5 is running]]>
  </system-out>
  <testcase classname="testNG_Keywords.Keyword_Enabled" name="B">
    <skipped/>
  </testcase> <!-- B -->
  <system-out/>
  <testcase classname="testNG_Keywords.Keyword_Enabled" name="R">
    <skipped/>
  </testcase> <!-- R -->
  <system-out/>
</testsuite> <!-- testNG_Keywords.Keyword_Enabled -->
