<?xml version="1.0" encoding="UTF-8"?>
<!-- Generated by org.testng.reporters.JUnitReportReporter -->
<testsuite hostname="DESKTOP-GA1O7MP" failures="0" tests="1" name="testNG_Keywords.Keyword_Timeout" time="0.530" errors="0" timestamp="2022-03-20T18:27:15 IST" skipped="0">
  <testcase classname="testNG_Keywords.Keyword_Timeout" name="Method" time="0.530"/>
  <system-out>
    <![CDATA[This is the test case method written for keyword TimeOut]]>
  </system-out>
</testsuite> <!-- testNG_Keywords.Keyword_Timeout -->
