<?xml version="1.0" encoding="UTF-8"?>
<!-- Generated by org.testng.reporters.JUnitReportReporter -->
<testsuite hostname="DESKTOP-GA1O7MP" failures="0" tests="1" name="test_Package.TestClass_KiteAppUserValidation" time="6.743" errors="0" timestamp="2022-03-30T17:37:33 IST" skipped="0">
  <testcase classname="test_Package.TestClass_KiteAppUserValidation" name="Validate_User" time="6.743"/>
  <system-out>
    <![CDATA[Kite Home page Successfully launched
UserId Validate Successfully,Tc is passed
As TC is passed,So Take Screenshot that HomePage
Taking Screenshot of TC becz TC is passed101]]>
  </system-out>
</testsuite> <!-- test_Package.TestClass_KiteAppUserValidation -->
