<?xml version="1.0" encoding="UTF-8"?>
<!-- Generated by org.testng.reporters.JUnitReportReporter -->
<testsuite hostname="DESKTOP-GA1O7MP" failures="0" tests="2" name="testNG_POMwithKite_App.KiteAppWith_POM_TestNGCrossBrowser" time="39.879" errors="0" timestamp="2022-03-28T22:51:22 IST" skipped="0">
  <testcase classname="testNG_POMwithKite_App.KiteAppWith_POM_TestNGCrossBrowser" name="validateUserID" time="23.876"/>
  <system-out>
    <![CDATA[Welcome to kite home page
validating userID
User ID validated suceesfully, TC is passed]]>
  </system-out>
  <testcase classname="testNG_POMwithKite_App.KiteAppWith_POM_TestNGCrossBrowser" name="validateUserID" time="16.003"/>
  <system-out>
    <![CDATA[Welcome to kite home page
validating userID
User ID validated suceesfully, TC is passed]]>
  </system-out>
</testsuite> <!-- testNG_POMwithKite_App.KiteAppWith_POM_TestNGCrossBrowser -->
