<?xml version="1.0" encoding="UTF-8"?>
<!-- Generated by org.testng.reporters.JUnitReportReporter -->
<testsuite hostname="DESKTOP-GA1O7MP" failures="0" tests="1" name="test_Package.TestClass_UsingPropertyConcept_KiteApp" time="10.854" errors="0" timestamp="2022-04-01T01:36:50 IST" skipped="0">
  <testcase classname="test_Package.TestClass_UsingPropertyConcept_KiteApp" name="Validate_User" time="10.854"/>
  <system-out>
    <![CDATA[Kite Home page Successfully launched
UserId Validate Successfully,Tc is passed
As TC is passed,So Take Screenshot that HomePage
Taking Screenshot of TC becz TC is passed200]]>
  </system-out>
</testsuite> <!-- test_Package.TestClass_UsingPropertyConcept_KiteApp -->
