<?xml version="1.0" encoding="UTF-8"?>
<!-- Generated by org.testng.reporters.JUnitReportReporter -->
<testsuite hostname="DESKTOP-GA1O7MP" failures="0" tests="1" name="testNG_SerialParallel_Study.Serial_ParallelClass3" time="40.635" errors="0" timestamp="2022-03-24T22:57:41 IST" skipped="0">
  <testcase classname="testNG_SerialParallel_Study.Serial_ParallelClass3" name="method1" time="40.635"/>
  <system-out/>
</testsuite> <!-- testNG_SerialParallel_Study.Serial_ParallelClass3 -->
