<?xml version="1.0" encoding="UTF-8"?>
<!-- Generated by org.testng.reporters.JUnitReportReporter -->
<testsuite hostname="DESKTOP-GA1O7MP" failures="0" tests="2" name="testNG_Include_Exclude.Include_Exclude2" time="0.024" errors="0" timestamp="2022-03-23T04:33:57 IST" skipped="0">
  <testcase classname="testNG_Include_Exclude.Include_Exclude2" name="TestCase8" time="0.004"/>
  <system-out>
    <![CDATA[Test Case 8 is running]]>
  </system-out>
  <testcase classname="testNG_Include_Exclude.Include_Exclude2" name="TestCase6" time="0.020"/>
  <system-out>
    <![CDATA[Test Case 6 is running]]>
  </system-out>
</testsuite> <!-- testNG_Include_Exclude.Include_Exclude2 -->
