<?xml version="1.0" encoding="UTF-8"?>
<!-- Generated by org.testng.reporters.JUnitReportReporter -->
<testsuite hostname="DESKTOP-GA1O7MP" failures="0" tests="1" name="testNG_Grouping_Concept.GroupingClass2" time="0.017" errors="0" timestamp="2022-03-23T04:07:35 IST" skipped="0">
  <testcase classname="testNG_Grouping_Concept.GroupingClass2" name="TestCase12" time="0.017"/>
  <system-out>
    <![CDATA[Test Case 12 Is running]]>
  </system-out>
</testsuite> <!-- testNG_Grouping_Concept.GroupingClass2 -->
