<?xml version="1.0" encoding="UTF-8"?>
<!-- Generated by org.testng.reporters.JUnitReportReporter -->
<testsuite hostname="DESKTOP-GA1O7MP" failures="0" tests="1" name="testNg_CrossBrowser_Study.FireFox_Launching_Study" time="214.793" errors="0" timestamp="2022-03-25T07:55:24 IST" skipped="0">
  <testcase classname="testNg_CrossBrowser_Study.FireFox_Launching_Study" name="Method" time="214.793"/>
  <system-out/>
</testsuite> <!-- testNg_CrossBrowser_Study.FireFox_Launching_Study -->
