<?xml version="1.0" encoding="UTF-8"?>
<!-- Generated by org.testng.reporters.JUnitReportReporter -->
<testsuite hostname="DESKTOP-GA1O7MP" failures="0" tests="3" name="testNG_Keywords.Keyword_InvocationCount" time="0.008" errors="0" timestamp="2022-03-21T00:24:38 IST" skipped="0">
  <testcase classname="testNG_Keywords.Keyword_InvocationCount" name="Method" time="0.004"/>
  <system-out>
    <![CDATA[This is a method is running with keyword Invocations count ]]>
  </system-out>
  <testcase classname="testNG_Keywords.Keyword_InvocationCount" name="Method" time="0.002"/>
  <system-out>
    <![CDATA[This is a method is running with keyword Invocations count ]]>
  </system-out>
  <testcase classname="testNG_Keywords.Keyword_InvocationCount" name="Method" time="0.002"/>
  <system-out>
    <![CDATA[This is a method is running with keyword Invocations count ]]>
  </system-out>
</testsuite> <!-- testNG_Keywords.Keyword_InvocationCount -->
