<?xml version="1.0" encoding="UTF-8"?>
<!-- Generated by org.testng.reporters.JUnitReportReporter -->
<testsuite hostname="DESKTOP-GA1O7MP" failures="0" tests="4" name="testNG_Package.TestNG_BrowserLaunch_ByTestAnnotation" time="125.382" errors="0" timestamp="2022-03-17T23:14:44 IST" skipped="0">
  <testcase classname="testNG_Package.TestNG_BrowserLaunch_ByTestAnnotation" name="method2" time="18.307"/>
  <system-out/>
  <testcase classname="testNG_Package.TestNG_BrowserLaunch_ByTestAnnotation" name="method3" time="39.870"/>
  <system-out/>
  <testcase classname="testNG_Package.TestNG_BrowserLaunch_ByTestAnnotation" name="method4" time="44.330"/>
  <system-out/>
  <testcase classname="testNG_Package.TestNG_BrowserLaunch_ByTestAnnotation" name="method1" time="22.875"/>
  <system-out/>
</testsuite> <!-- testNG_Package.TestNG_BrowserLaunch_ByTestAnnotation -->
