<?xml version="1.0" encoding="UTF-8"?>
<!-- Generated by org.testng.reporters.JUnitReportReporter -->
<testsuite hostname="DESKTOP-GA1O7MP" failures="0" tests="1" name="testNg_CrossBrowser_Study.Cross_Chrome_Firefox_browser" time="96.394" errors="0" timestamp="2022-03-25T08:42:59 IST" skipped="0">
  <testcase classname="testNg_CrossBrowser_Study.Cross_Chrome_Firefox_browser" name="CrossBrowser" time="96.394"/>
  <system-out/>
</testsuite> <!-- testNg_CrossBrowser_Study.Cross_Chrome_Firefox_browser -->
