<?xml version="1.0" encoding="UTF-8"?>
<!-- Generated by org.testng.reporters.JUnitReportReporter -->
<testsuite hostname="DESKTOP-GA1O7MP" failures="0" tests="1" name="testNG_Assert.Assert_NotEquals_Method" time="0.055" errors="0" timestamp="2022-03-24T04:51:54 IST" skipped="0">
  <testcase classname="testNG_Assert.Assert_NotEquals_Method" name="method" time="0.055"/>
  <system-out/>
</testsuite> <!-- testNG_Assert.Assert_NotEquals_Method -->
