<?xml version="1.0" encoding="UTF-8"?>
<!-- Generated by org.testng.reporters.JUnitReportReporter -->
<testsuite hostname="DESKTOP-GA1O7MP" failures="0" tests="4" name="testNG_Keywords.Keyword_Priority" time="0.030" errors="0" timestamp="2022-04-06T15:48:51 IST" skipped="0">
  <testcase classname="testNG_Keywords.Keyword_Priority" name="Method1" time="0.018"/>
  <system-out>
    <![CDATA[This is a method 1 is running with keyword priority ]]>
  </system-out>
  <testcase classname="testNG_Keywords.Keyword_Priority" name="Method" time="0.004"/>
  <system-out>
    <![CDATA[This is a method is running with keyword priority ]]>
  </system-out>
  <testcase classname="testNG_Keywords.Keyword_Priority" name="Method2" time="0.003"/>
  <system-out>
    <![CDATA[This is a method 2 is running with keyword priority ]]>
  </system-out>
  <testcase classname="testNG_Keywords.Keyword_Priority" name="Method3" time="0.005"/>
  <system-out>
    <![CDATA[This is a method 3 is running with keyword priority ]]>
  </system-out>
</testsuite> <!-- testNG_Keywords.Keyword_Priority -->
