<?xml version="1.0" encoding="UTF-8"?>
<!-- Generated by org.testng.reporters.JUnitReportReporter -->
<testsuite hostname="DESKTOP-GA1O7MP" failures="0" tests="1" name="testNG_Assert.Assert_True_Method" time="0.026" errors="0" timestamp="2022-03-24T05:17:25 IST" skipped="0">
  <testcase classname="testNG_Assert.Assert_True_Method" name="Method" time="0.026"/>
  <system-out/>
</testsuite> <!-- testNG_Assert.Assert_True_Method -->
