<?xml version="1.0" encoding="UTF-8"?>
<!-- Generated by org.testng.reporters.JUnitReportReporter -->
<testsuite hostname="DESKTOP-GA1O7MP" failures="0" tests="1" name="testNG_POMwithKite_App.KiteAppWith_POM_TestNG" time="5.682" errors="0" timestamp="2022-03-28T14:57:37 IST" skipped="0">
  <testcase classname="testNG_POMwithKite_App.KiteAppWith_POM_TestNG" name="validateUserID" time="5.682"/>
  <system-out>
    <![CDATA[Welcome to kite home page
validating userID
User ID validated suceesfully, TC is passed]]>
  </system-out>
</testsuite> <!-- testNG_POMwithKite_App.KiteAppWith_POM_TestNG -->
