<?xml version="1.0" encoding="UTF-8"?>
<!-- Generated by org.testng.reporters.JUnitReportReporter -->
<testsuite hostname="DESKTOP-GA1O7MP" failures="0" tests="1" name="testNG_Grouping_Concept.GroupingClass1" time="0.002" errors="0" timestamp="2022-03-23T04:07:35 IST" skipped="0">
  <testcase classname="testNG_Grouping_Concept.GroupingClass1" name="TestCase6" time="0.002"/>
  <system-out>
    <![CDATA[Test Case 6 Is running]]>
  </system-out>
</testsuite> <!-- testNG_Grouping_Concept.GroupingClass1 -->
