<?xml version="1.0" encoding="UTF-8"?>
<!-- Generated by org.testng.reporters.JUnitReportReporter -->
<testsuite hostname="DESKTOP-GA1O7MP" failures="0" tests="3" name="testNG_Package.TestNG_Intro" time="0.022" errors="0" timestamp="2022-03-17T01:27:28 IST" skipped="0">
  <testcase classname="testNG_Package.TestNG_Intro" name="Method2" time="0.002"/>
  <system-out/>
  <testcase classname="testNG_Package.TestNG_Intro" name="Method1" time="0.003"/>
  <system-out/>
  <testcase classname="testNG_Package.TestNG_Intro" name="Method" time="0.017"/>
  <system-out/>
</testsuite> <!-- testNG_Package.TestNG_Intro -->
