<?xml version="1.0" encoding="UTF-8"?>
<!-- Generated by org.testng.reporters.JUnitReportReporter -->
<testsuite hostname="DESKTOP-GA1O7MP" failures="0" tests="5" name="testNG_Keywords.Keyword_depends_On_Methods" time="1.051" errors="0" timestamp="2022-03-21T00:24:38 IST" skipped="0">
  <testcase classname="testNG_Keywords.Keyword_depends_On_Methods" name="Cc" time="0.003"/>
  <system-out>
    <![CDATA[This is a method2 of @test running]]>
  </system-out>
  <testcase classname="testNG_Keywords.Keyword_depends_On_Methods" name="Dd" time="0.002"/>
  <system-out>
    <![CDATA[This is a method3 of @test running]]>
  </system-out>
  <testcase classname="testNG_Keywords.Keyword_depends_On_Methods" name="Bb" time="0.003"/>
  <system-out>
    <![CDATA[This is a method1 of @test running]]>
  </system-out>
  <testcase classname="testNG_Keywords.Keyword_depends_On_Methods" name="Aa" time="1.039"/>
  <system-out>
    <![CDATA[This is a method of @test running]]>
  </system-out>
  <testcase classname="testNG_Keywords.Keyword_depends_On_Methods" name="Cc" time="0.004"/>
  <system-out>
    <![CDATA[This is a method2 of @test running]]>
  </system-out>
</testsuite> <!-- testNG_Keywords.Keyword_depends_On_Methods -->
